<?xml version="1.0" encoding="UTF-8"?>
<!-- Generated by org.testng.reporters.JUnitReportReporter -->
<testsuite hostname="DESKTOP-EF32IAO" failures="0" tests="3" name="com.lambdatest.testcases.HeaderPageTest" time="180.243" errors="0" timestamp="2023-04-07T07:13:58 NPT" skipped="0">
  <testcase classname="com.lambdatest.testcases.HeaderPageTest" name="validateMyAccountMenu" time="20.601"/>
  <system-out/>
  <testcase classname="com.lambdatest.testcases.HeaderPageTest" name="verfiyMyAccountLabel" time="109.889"/>
  <system-out/>
  <testcase classname="com.lambdatest.testcases.HeaderPageTest" name="validateHoverOverMyAccountMenuAndSubMenu" time="49.753"/>
  <system-out/>
</testsuite> <!-- com.lambdatest.testcases.HeaderPageTest -->
