<?xml version="1.0" encoding="UTF-8"?>
<!-- Generated by org.testng.reporters.JUnitReportReporter -->
<testsuite hostname="DESKTOP-EF32IAO" failures="0" tests="1" name="com.lambdatest.testcases.RegistrationPageTest" time="46.430" errors="0" timestamp="2023-04-07T07:59:29 NPT" skipped="0">
  <testcase classname="com.lambdatest.testcases.RegistrationPageTest" name="verifyAllRegisterionWebElementArePresent" time="46.430"/>
  <system-out/>
</testsuite> <!-- com.lambdatest.testcases.RegistrationPageTest -->
